/home/kanav/workspaces/thesis_ws/install/drone_mapping/lib/python3.12/site-packages/drone_mapping/mavros_control.py
/home/kanav/workspaces/thesis_ws/install/drone_mapping/lib/python3.12/site-packages/drone_mapping/__init__.py
/home/kanav/workspaces/thesis_ws/install/drone_mapping/lib/python3.12/site-packages/drone_mapping/traversability.py
/home/kanav/workspaces/thesis_ws/install/drone_mapping/lib/python3.12/site-packages/drone_mapping/__pycache__/mavros_control.cpython-312.pyc
/home/kanav/workspaces/thesis_ws/install/drone_mapping/lib/python3.12/site-packages/drone_mapping/__pycache__/__init__.cpython-312.pyc
/home/kanav/workspaces/thesis_ws/install/drone_mapping/lib/python3.12/site-packages/drone_mapping/__pycache__/traversability.cpython-312.pyc
/home/kanav/workspaces/thesis_ws/install/drone_mapping/share/ament_index/resource_index/packages/drone_mapping
/home/kanav/workspaces/thesis_ws/install/drone_mapping/share/drone_mapping/package.xml
/home/kanav/workspaces/thesis_ws/install/drone_mapping/share/drone_mapping/simulation.launch.py
/home/kanav/workspaces/thesis_ws/install/drone_mapping/share/drone_mapping/models/entities/rock/model.config
/home/kanav/workspaces/thesis_ws/install/drone_mapping/share/drone_mapping/models/entities/rock/model.sdf
/home/kanav/workspaces/thesis_ws/install/drone_mapping/share/drone_mapping/models/entities/rock/rock_original.glb
/home/kanav/workspaces/thesis_ws/install/drone_mapping/share/drone_mapping/models/entities/rock/rock.glb
/home/kanav/workspaces/thesis_ws/install/drone_mapping/lib/python3.12/site-packages/drone_mapping-0.0.0-py3.12.egg-info/zip-safe
/home/kanav/workspaces/thesis_ws/install/drone_mapping/lib/python3.12/site-packages/drone_mapping-0.0.0-py3.12.egg-info/dependency_links.txt
/home/kanav/workspaces/thesis_ws/install/drone_mapping/lib/python3.12/site-packages/drone_mapping-0.0.0-py3.12.egg-info/requires.txt
/home/kanav/workspaces/thesis_ws/install/drone_mapping/lib/python3.12/site-packages/drone_mapping-0.0.0-py3.12.egg-info/SOURCES.txt
/home/kanav/workspaces/thesis_ws/install/drone_mapping/lib/python3.12/site-packages/drone_mapping-0.0.0-py3.12.egg-info/entry_points.txt
/home/kanav/workspaces/thesis_ws/install/drone_mapping/lib/python3.12/site-packages/drone_mapping-0.0.0-py3.12.egg-info/top_level.txt
/home/kanav/workspaces/thesis_ws/install/drone_mapping/lib/python3.12/site-packages/drone_mapping-0.0.0-py3.12.egg-info/PKG-INFO
/home/kanav/workspaces/thesis_ws/install/drone_mapping/lib/drone_mapping/mavros_control
/home/kanav/workspaces/thesis_ws/install/drone_mapping/lib/drone_mapping/traversability
