[0.989s] Invoking command in '/home/kanav/workspaces/thesis_ws/src/drone_mapping': DEBUGINFOD_URLS=https://debuginfod.ubuntu.com PYTHONPATH=/home/kanav/workspaces/thesis_ws/build/drone_mapping/prefix_override:/usr/lib/python3/dist-packages/colcon_core/task/python/colcon_distutils_commands:/home/kanav/workspaces/thesis_ws/install/drone_mapping/lib/python3.12/site-packages:${PYTHONPATH} /usr/bin/python3 -W ignore:setup.py install is deprecated -W ignore:easy_install command is deprecated setup.py egg_info --egg-base ../../build/drone_mapping build --build-base /home/kanav/workspaces/thesis_ws/build/drone_mapping/build install --record /home/kanav/workspaces/thesis_ws/build/drone_mapping/install.log --single-version-externally-managed install_data
[1.344s] running egg_info
[1.362s] writing ../../build/drone_mapping/drone_mapping.egg-info/PKG-INFO
[1.362s] writing dependency_links to ../../build/drone_mapping/drone_mapping.egg-info/dependency_links.txt
[1.363s] writing entry points to ../../build/drone_mapping/drone_mapping.egg-info/entry_points.txt
[1.363s] writing requirements to ../../build/drone_mapping/drone_mapping.egg-info/requires.txt
[1.363s] writing top-level names to ../../build/drone_mapping/drone_mapping.egg-info/top_level.txt
[1.401s] reading manifest file '../../build/drone_mapping/drone_mapping.egg-info/SOURCES.txt'
[1.402s] writing manifest file '../../build/drone_mapping/drone_mapping.egg-info/SOURCES.txt'
[1.402s] running build
[1.402s] running build_py
[1.402s] copying drone_mapping/mavros_control.py -> /home/kanav/workspaces/thesis_ws/build/drone_mapping/build/lib/drone_mapping
[1.402s] copying drone_mapping/traversability.py -> /home/kanav/workspaces/thesis_ws/build/drone_mapping/build/lib/drone_mapping
[1.402s] running install
[1.408s] running install_lib
[1.427s] copying /home/kanav/workspaces/thesis_ws/build/drone_mapping/build/lib/drone_mapping/mavros_control.py -> /home/kanav/workspaces/thesis_ws/install/drone_mapping/lib/python3.12/site-packages/drone_mapping
[1.428s] copying /home/kanav/workspaces/thesis_ws/build/drone_mapping/build/lib/drone_mapping/traversability.py -> /home/kanav/workspaces/thesis_ws/install/drone_mapping/lib/python3.12/site-packages/drone_mapping
[1.428s] byte-compiling /home/kanav/workspaces/thesis_ws/install/drone_mapping/lib/python3.12/site-packages/drone_mapping/mavros_control.py to mavros_control.cpython-312.pyc
[1.429s] byte-compiling /home/kanav/workspaces/thesis_ws/install/drone_mapping/lib/python3.12/site-packages/drone_mapping/traversability.py to traversability.cpython-312.pyc
[1.429s] running install_data
[1.429s] running install_egg_info
[1.450s] removing '/home/kanav/workspaces/thesis_ws/install/drone_mapping/lib/python3.12/site-packages/drone_mapping-0.0.0-py3.12.egg-info' (and everything under it)
[1.450s] Copying ../../build/drone_mapping/drone_mapping.egg-info to /home/kanav/workspaces/thesis_ws/install/drone_mapping/lib/python3.12/site-packages/drone_mapping-0.0.0-py3.12.egg-info
[1.451s] running install_scripts
[1.581s] Installing mavros_control script to /home/kanav/workspaces/thesis_ws/install/drone_mapping/lib/drone_mapping
[1.582s] Installing traversability script to /home/kanav/workspaces/thesis_ws/install/drone_mapping/lib/drone_mapping
[1.582s] writing list of installed files to '/home/kanav/workspaces/thesis_ws/build/drone_mapping/install.log'
[1.627s] Invoked command in '/home/kanav/workspaces/thesis_ws/src/drone_mapping' returned '0': DEBUGINFOD_URLS=https://debuginfod.ubuntu.com PYTHONPATH=/home/kanav/workspaces/thesis_ws/build/drone_mapping/prefix_override:/usr/lib/python3/dist-packages/colcon_core/task/python/colcon_distutils_commands:/home/kanav/workspaces/thesis_ws/install/drone_mapping/lib/python3.12/site-packages:${PYTHONPATH} /usr/bin/python3 -W ignore:setup.py install is deprecated -W ignore:easy_install command is deprecated setup.py egg_info --egg-base ../../build/drone_mapping build --build-base /home/kanav/workspaces/thesis_ws/build/drone_mapping/build install --record /home/kanav/workspaces/thesis_ws/build/drone_mapping/install.log --single-version-externally-managed install_data
