[1.003s] Invoking command in '/home/kanav/workspaces/thesis_ws/src/drone_mapping': DEBUGINFOD_URLS=https://debuginfod.ubuntu.com PYTHONPATH=/home/kanav/workspaces/thesis_ws/build/drone_mapping/prefix_override:/usr/lib/python3/dist-packages/colcon_core/task/python/colcon_distutils_commands:/home/kanav/workspaces/thesis_ws/install/drone_mapping/lib/python3.12/site-packages:${PYTHONPATH} /usr/bin/python3 -W ignore:setup.py install is deprecated -W ignore:easy_install command is deprecated setup.py egg_info --egg-base ../../build/drone_mapping build --build-base /home/kanav/workspaces/thesis_ws/build/drone_mapping/build install --record /home/kanav/workspaces/thesis_ws/build/drone_mapping/install.log --single-version-externally-managed install_data
[1.392s] running egg_info
[1.412s] writing ../../build/drone_mapping/drone_mapping.egg-info/PKG-INFO
[1.412s] writing dependency_links to ../../build/drone_mapping/drone_mapping.egg-info/dependency_links.txt
[1.412s] writing entry points to ../../build/drone_mapping/drone_mapping.egg-info/entry_points.txt
[1.412s] writing requirements to ../../build/drone_mapping/drone_mapping.egg-info/requires.txt
[1.412s] writing top-level names to ../../build/drone_mapping/drone_mapping.egg-info/top_level.txt
[1.453s] reading manifest file '../../build/drone_mapping/drone_mapping.egg-info/SOURCES.txt'
[1.453s] writing manifest file '../../build/drone_mapping/drone_mapping.egg-info/SOURCES.txt'
[1.453s] running build
[1.453s] running build_py
[1.453s] running install
[1.459s] running install_lib
[1.479s] running install_data
[1.479s] copying launch/simulation.launch.py -> /home/kanav/workspaces/thesis_ws/install/drone_mapping/share/drone_mapping
[1.480s] creating /home/kanav/workspaces/thesis_ws/install/drone_mapping/share/drone_mapping/models
[1.480s] creating /home/kanav/workspaces/thesis_ws/install/drone_mapping/share/drone_mapping/models/entities
[1.480s] creating /home/kanav/workspaces/thesis_ws/install/drone_mapping/share/drone_mapping/models/entities/rock
[1.480s] copying models/entities/rock/model.config -> /home/kanav/workspaces/thesis_ws/install/drone_mapping/share/drone_mapping/models/entities/rock
[1.480s] copying models/entities/rock/model.sdf -> /home/kanav/workspaces/thesis_ws/install/drone_mapping/share/drone_mapping/models/entities/rock
[1.480s] copying models/entities/rock/rock.glb -> /home/kanav/workspaces/thesis_ws/install/drone_mapping/share/drone_mapping/models/entities/rock
[1.499s] running install_egg_info
[1.519s] removing '/home/kanav/workspaces/thesis_ws/install/drone_mapping/lib/python3.12/site-packages/drone_mapping-0.0.0-py3.12.egg-info' (and everything under it)
[1.520s] Copying ../../build/drone_mapping/drone_mapping.egg-info to /home/kanav/workspaces/thesis_ws/install/drone_mapping/lib/python3.12/site-packages/drone_mapping-0.0.0-py3.12.egg-info
[1.520s] running install_scripts
[1.646s] Installing mavros_control script to /home/kanav/workspaces/thesis_ws/install/drone_mapping/lib/drone_mapping
[1.646s] Installing traversability script to /home/kanav/workspaces/thesis_ws/install/drone_mapping/lib/drone_mapping
[1.647s] writing list of installed files to '/home/kanav/workspaces/thesis_ws/build/drone_mapping/install.log'
[1.667s] Invoked command in '/home/kanav/workspaces/thesis_ws/src/drone_mapping' returned '0': DEBUGINFOD_URLS=https://debuginfod.ubuntu.com PYTHONPATH=/home/kanav/workspaces/thesis_ws/build/drone_mapping/prefix_override:/usr/lib/python3/dist-packages/colcon_core/task/python/colcon_distutils_commands:/home/kanav/workspaces/thesis_ws/install/drone_mapping/lib/python3.12/site-packages:${PYTHONPATH} /usr/bin/python3 -W ignore:setup.py install is deprecated -W ignore:easy_install command is deprecated setup.py egg_info --egg-base ../../build/drone_mapping build --build-base /home/kanav/workspaces/thesis_ws/build/drone_mapping/build install --record /home/kanav/workspaces/thesis_ws/build/drone_mapping/install.log --single-version-externally-managed install_data
