running egg_info
writing ../../build/drone_mapping/drone_mapping.egg-info/PKG-INFO
writing dependency_links to ../../build/drone_mapping/drone_mapping.egg-info/dependency_links.txt
writing entry points to ../../build/drone_mapping/drone_mapping.egg-info/entry_points.txt
writing requirements to ../../build/drone_mapping/drone_mapping.egg-info/requires.txt
writing top-level names to ../../build/drone_mapping/drone_mapping.egg-info/top_level.txt
reading manifest file '../../build/drone_mapping/drone_mapping.egg-info/SOURCES.txt'
writing manifest file '../../build/drone_mapping/drone_mapping.egg-info/SOURCES.txt'
running build
running build_py
running install
running install_lib
running install_data
copying models/entities/rock/rock.glb -> /home/kanav/workspaces/thesis_ws/install/drone_mapping/share/drone_mapping/models/entities/rock
running install_egg_info
removing '/home/kanav/workspaces/thesis_ws/install/drone_mapping/lib/python3.12/site-packages/drone_mapping-0.0.0-py3.12.egg-info' (and everything under it)
Copying ../../build/drone_mapping/drone_mapping.egg-info to /home/kanav/workspaces/thesis_ws/install/drone_mapping/lib/python3.12/site-packages/drone_mapping-0.0.0-py3.12.egg-info
running install_scripts
Installing mavros_control script to /home/kanav/workspaces/thesis_ws/install/drone_mapping/lib/drone_mapping
Installing traversability script to /home/kanav/workspaces/thesis_ws/install/drone_mapping/lib/drone_mapping
writing list of installed files to '/home/kanav/workspaces/thesis_ws/build/drone_mapping/install.log'
