running egg_info
creating ../../build/drone_mapping/drone_mapping.egg-info
writing ../../build/drone_mapping/drone_mapping.egg-info/PKG-INFO
writing dependency_links to ../../build/drone_mapping/drone_mapping.egg-info/dependency_links.txt
writing entry points to ../../build/drone_mapping/drone_mapping.egg-info/entry_points.txt
writing requirements to ../../build/drone_mapping/drone_mapping.egg-info/requires.txt
writing top-level names to ../../build/drone_mapping/drone_mapping.egg-info/top_level.txt
writing manifest file '../../build/drone_mapping/drone_mapping.egg-info/SOURCES.txt'
reading manifest file '../../build/drone_mapping/drone_mapping.egg-info/SOURCES.txt'
writing manifest file '../../build/drone_mapping/drone_mapping.egg-info/SOURCES.txt'
running build
running build_py
creating /home/kanav/workspaces/thesis_ws/build/drone_mapping/build
creating /home/kanav/workspaces/thesis_ws/build/drone_mapping/build/lib
creating /home/kanav/workspaces/thesis_ws/build/drone_mapping/build/lib/drone_mapping
copying drone_mapping/__init__.py -> /home/kanav/workspaces/thesis_ws/build/drone_mapping/build/lib/drone_mapping
copying drone_mapping/position_control.py -> /home/kanav/workspaces/thesis_ws/build/drone_mapping/build/lib/drone_mapping
copying drone_mapping/data_collector.py -> /home/kanav/workspaces/thesis_ws/build/drone_mapping/build/lib/drone_mapping
running install
running install_lib
creating /home/kanav/workspaces/thesis_ws/install/drone_mapping/lib/python3.12/site-packages/drone_mapping
copying /home/kanav/workspaces/thesis_ws/build/drone_mapping/build/lib/drone_mapping/__init__.py -> /home/kanav/workspaces/thesis_ws/install/drone_mapping/lib/python3.12/site-packages/drone_mapping
copying /home/kanav/workspaces/thesis_ws/build/drone_mapping/build/lib/drone_mapping/position_control.py -> /home/kanav/workspaces/thesis_ws/install/drone_mapping/lib/python3.12/site-packages/drone_mapping
copying /home/kanav/workspaces/thesis_ws/build/drone_mapping/build/lib/drone_mapping/data_collector.py -> /home/kanav/workspaces/thesis_ws/install/drone_mapping/lib/python3.12/site-packages/drone_mapping
byte-compiling /home/kanav/workspaces/thesis_ws/install/drone_mapping/lib/python3.12/site-packages/drone_mapping/__init__.py to __init__.cpython-312.pyc
byte-compiling /home/kanav/workspaces/thesis_ws/install/drone_mapping/lib/python3.12/site-packages/drone_mapping/position_control.py to position_control.cpython-312.pyc
byte-compiling /home/kanav/workspaces/thesis_ws/install/drone_mapping/lib/python3.12/site-packages/drone_mapping/data_collector.py to data_collector.cpython-312.pyc
running install_data
creating /home/kanav/workspaces/thesis_ws/install/drone_mapping/share/ament_index
creating /home/kanav/workspaces/thesis_ws/install/drone_mapping/share/ament_index/resource_index
creating /home/kanav/workspaces/thesis_ws/install/drone_mapping/share/ament_index/resource_index/packages
copying resource/drone_mapping -> /home/kanav/workspaces/thesis_ws/install/drone_mapping/share/ament_index/resource_index/packages
copying package.xml -> /home/kanav/workspaces/thesis_ws/install/drone_mapping/share/drone_mapping
copying launch/mapping.launch.py -> /home/kanav/workspaces/thesis_ws/install/drone_mapping/share/drone_mapping
running install_egg_info
Copying ../../build/drone_mapping/drone_mapping.egg-info to /home/kanav/workspaces/thesis_ws/install/drone_mapping/lib/python3.12/site-packages/drone_mapping-0.0.0-py3.12.egg-info
running install_scripts
Installing data_collector script to /home/kanav/workspaces/thesis_ws/install/drone_mapping/lib/drone_mapping
Installing position_control script to /home/kanav/workspaces/thesis_ws/install/drone_mapping/lib/drone_mapping
writing list of installed files to '/home/kanav/workspaces/thesis_ws/build/drone_mapping/install.log'
