[1.340s] Invoking command in '/home/kanav/workspaces/thesis_ws/src/drone_mapping': DEBUGINFOD_URLS=https://debuginfod.ubuntu.com PYTHONPATH=/home/kanav/workspaces/thesis_ws/build/drone_mapping/prefix_override:/usr/lib/python3/dist-packages/colcon_core/task/python/colcon_distutils_commands:/home/kanav/workspaces/thesis_ws/install/drone_mapping/lib/python3.12/site-packages:${PYTHONPATH} /usr/bin/python3 -W ignore:setup.py install is deprecated -W ignore:easy_install command is deprecated setup.py egg_info --egg-base ../../build/drone_mapping build --build-base /home/kanav/workspaces/thesis_ws/build/drone_mapping/build install --record /home/kanav/workspaces/thesis_ws/build/drone_mapping/install.log --single-version-externally-managed install_data
[1.607s] running egg_info
[1.608s] creating ../../build/drone_mapping/drone_mapping.egg-info
[1.628s] writing ../../build/drone_mapping/drone_mapping.egg-info/PKG-INFO
[1.628s] writing dependency_links to ../../build/drone_mapping/drone_mapping.egg-info/dependency_links.txt
[1.628s] writing entry points to ../../build/drone_mapping/drone_mapping.egg-info/entry_points.txt
[1.628s] writing requirements to ../../build/drone_mapping/drone_mapping.egg-info/requires.txt
[1.628s] writing top-level names to ../../build/drone_mapping/drone_mapping.egg-info/top_level.txt
[1.628s] writing manifest file '../../build/drone_mapping/drone_mapping.egg-info/SOURCES.txt'
[1.669s] reading manifest file '../../build/drone_mapping/drone_mapping.egg-info/SOURCES.txt'
[1.669s] writing manifest file '../../build/drone_mapping/drone_mapping.egg-info/SOURCES.txt'
[1.669s] running build
[1.669s] running build_py
[1.669s] creating /home/kanav/workspaces/thesis_ws/build/drone_mapping/build
[1.669s] creating /home/kanav/workspaces/thesis_ws/build/drone_mapping/build/lib
[1.669s] creating /home/kanav/workspaces/thesis_ws/build/drone_mapping/build/lib/drone_mapping
[1.670s] copying drone_mapping/__init__.py -> /home/kanav/workspaces/thesis_ws/build/drone_mapping/build/lib/drone_mapping
[1.670s] copying drone_mapping/position_control.py -> /home/kanav/workspaces/thesis_ws/build/drone_mapping/build/lib/drone_mapping
[1.670s] copying drone_mapping/data_collector.py -> /home/kanav/workspaces/thesis_ws/build/drone_mapping/build/lib/drone_mapping
[1.670s] running install
[1.675s] running install_lib
[1.697s] creating /home/kanav/workspaces/thesis_ws/install/drone_mapping/lib/python3.12/site-packages/drone_mapping
[1.697s] copying /home/kanav/workspaces/thesis_ws/build/drone_mapping/build/lib/drone_mapping/__init__.py -> /home/kanav/workspaces/thesis_ws/install/drone_mapping/lib/python3.12/site-packages/drone_mapping
[1.697s] copying /home/kanav/workspaces/thesis_ws/build/drone_mapping/build/lib/drone_mapping/position_control.py -> /home/kanav/workspaces/thesis_ws/install/drone_mapping/lib/python3.12/site-packages/drone_mapping
[1.697s] copying /home/kanav/workspaces/thesis_ws/build/drone_mapping/build/lib/drone_mapping/data_collector.py -> /home/kanav/workspaces/thesis_ws/install/drone_mapping/lib/python3.12/site-packages/drone_mapping
[1.697s] byte-compiling /home/kanav/workspaces/thesis_ws/install/drone_mapping/lib/python3.12/site-packages/drone_mapping/__init__.py to __init__.cpython-312.pyc
[1.697s] byte-compiling /home/kanav/workspaces/thesis_ws/install/drone_mapping/lib/python3.12/site-packages/drone_mapping/position_control.py to position_control.cpython-312.pyc
[1.698s] byte-compiling /home/kanav/workspaces/thesis_ws/install/drone_mapping/lib/python3.12/site-packages/drone_mapping/data_collector.py to data_collector.cpython-312.pyc
[1.698s] running install_data
[1.698s] creating /home/kanav/workspaces/thesis_ws/install/drone_mapping/share/ament_index
[1.698s] creating /home/kanav/workspaces/thesis_ws/install/drone_mapping/share/ament_index/resource_index
[1.698s] creating /home/kanav/workspaces/thesis_ws/install/drone_mapping/share/ament_index/resource_index/packages
[1.699s] copying resource/drone_mapping -> /home/kanav/workspaces/thesis_ws/install/drone_mapping/share/ament_index/resource_index/packages
[1.699s] copying package.xml -> /home/kanav/workspaces/thesis_ws/install/drone_mapping/share/drone_mapping
[1.699s] copying launch/mapping.launch.py -> /home/kanav/workspaces/thesis_ws/install/drone_mapping/share/drone_mapping
[1.699s] running install_egg_info
[1.720s] Copying ../../build/drone_mapping/drone_mapping.egg-info to /home/kanav/workspaces/thesis_ws/install/drone_mapping/lib/python3.12/site-packages/drone_mapping-0.0.0-py3.12.egg-info
[1.721s] running install_scripts
[1.868s] Installing data_collector script to /home/kanav/workspaces/thesis_ws/install/drone_mapping/lib/drone_mapping
[1.868s] Installing position_control script to /home/kanav/workspaces/thesis_ws/install/drone_mapping/lib/drone_mapping
[1.868s] writing list of installed files to '/home/kanav/workspaces/thesis_ws/build/drone_mapping/install.log'
[1.890s] Invoked command in '/home/kanav/workspaces/thesis_ws/src/drone_mapping' returned '0': DEBUGINFOD_URLS=https://debuginfod.ubuntu.com PYTHONPATH=/home/kanav/workspaces/thesis_ws/build/drone_mapping/prefix_override:/usr/lib/python3/dist-packages/colcon_core/task/python/colcon_distutils_commands:/home/kanav/workspaces/thesis_ws/install/drone_mapping/lib/python3.12/site-packages:${PYTHONPATH} /usr/bin/python3 -W ignore:setup.py install is deprecated -W ignore:easy_install command is deprecated setup.py egg_info --egg-base ../../build/drone_mapping build --build-base /home/kanav/workspaces/thesis_ws/build/drone_mapping/build install --record /home/kanav/workspaces/thesis_ws/build/drone_mapping/install.log --single-version-externally-managed install_data
