[0.708s] Invoking command in '/home/kanav/workspaces/thesis_ws/src/drone_mapping': DEBUGINFOD_URLS=https://debuginfod.ubuntu.com PYTHONPATH=/home/kanav/workspaces/thesis_ws/build/drone_mapping/prefix_override:/usr/lib/python3/dist-packages/colcon_core/task/python/colcon_distutils_commands:/home/kanav/workspaces/thesis_ws/install/drone_mapping/lib/python3.12/site-packages:${PYTHONPATH} /usr/bin/python3 -W ignore:setup.py install is deprecated -W ignore:easy_install command is deprecated setup.py egg_info --egg-base ../../build/drone_mapping build --build-base /home/kanav/workspaces/thesis_ws/build/drone_mapping/build install --record /home/kanav/workspaces/thesis_ws/build/drone_mapping/install.log --single-version-externally-managed install_data
[0.954s] running egg_info
[0.973s] writing ../../build/drone_mapping/drone_mapping.egg-info/PKG-INFO
[0.973s] writing dependency_links to ../../build/drone_mapping/drone_mapping.egg-info/dependency_links.txt
[0.974s] writing entry points to ../../build/drone_mapping/drone_mapping.egg-info/entry_points.txt
[0.974s] writing requirements to ../../build/drone_mapping/drone_mapping.egg-info/requires.txt
[0.974s] writing top-level names to ../../build/drone_mapping/drone_mapping.egg-info/top_level.txt
[1.013s] reading manifest file '../../build/drone_mapping/drone_mapping.egg-info/SOURCES.txt'
[1.014s] writing manifest file '../../build/drone_mapping/drone_mapping.egg-info/SOURCES.txt'
[1.014s] running build
[1.014s] running build_py
[1.015s] running install
[1.020s] running install_lib
[1.041s] running install_data
[1.041s] copying launch/simulation.launch.py -> /home/kanav/workspaces/thesis_ws/install/drone_mapping/share/drone_mapping
[1.042s] running install_egg_info
[1.062s] removing '/home/kanav/workspaces/thesis_ws/install/drone_mapping/lib/python3.12/site-packages/drone_mapping-0.0.0-py3.12.egg-info' (and everything under it)
[1.062s] Copying ../../build/drone_mapping/drone_mapping.egg-info to /home/kanav/workspaces/thesis_ws/install/drone_mapping/lib/python3.12/site-packages/drone_mapping-0.0.0-py3.12.egg-info
[1.063s] running install_scripts
[1.187s] Installing mavros_control script to /home/kanav/workspaces/thesis_ws/install/drone_mapping/lib/drone_mapping
[1.187s] Installing traversability script to /home/kanav/workspaces/thesis_ws/install/drone_mapping/lib/drone_mapping
[1.187s] writing list of installed files to '/home/kanav/workspaces/thesis_ws/build/drone_mapping/install.log'
[1.208s] Invoked command in '/home/kanav/workspaces/thesis_ws/src/drone_mapping' returned '0': DEBUGINFOD_URLS=https://debuginfod.ubuntu.com PYTHONPATH=/home/kanav/workspaces/thesis_ws/build/drone_mapping/prefix_override:/usr/lib/python3/dist-packages/colcon_core/task/python/colcon_distutils_commands:/home/kanav/workspaces/thesis_ws/install/drone_mapping/lib/python3.12/site-packages:${PYTHONPATH} /usr/bin/python3 -W ignore:setup.py install is deprecated -W ignore:easy_install command is deprecated setup.py egg_info --egg-base ../../build/drone_mapping build --build-base /home/kanav/workspaces/thesis_ws/build/drone_mapping/build install --record /home/kanav/workspaces/thesis_ws/build/drone_mapping/install.log --single-version-externally-managed install_data
